<?xml version="1.0" encoding="UTF-8"?>
<testng-results ignored="0" total="1" passed="1" failed="0" skipped="0">
  <reporter-output>
  </reporter-output>
  <suite started-at="2025-01-06T18:26:45 IST" name="Default suite" finished-at="2025-01-06T18:26:55 IST" duration-ms="10557">
    <groups>
    </groups>
    <test started-at="2025-01-06T18:26:45 IST" name="Default test" finished-at="2025-01-06T18:26:55 IST" duration-ms="10557">
      <class name="Selenium.VeriousFunctionsGlobalSQA">
        <test-method is-config="true" signature="initialization()[pri:0, instance:Selenium.VeriousFunctionsGlobalSQA@1aafa419]" started-at="2025-01-06T18:26:45 IST" name="initialization" finished-at="2025-01-06T18:26:47 IST" duration-ms="2576" status="PASS">
          <reporter-output>
          </reporter-output>
        </test-method> <!-- initialization -->
        <test-method signature="FrameTest()[pri:0, instance:Selenium.VeriousFunctionsGlobalSQA@1aafa419]" started-at="2025-01-06T18:26:47 IST" name="FrameTest" finished-at="2025-01-06T18:26:55 IST" duration-ms="7940" status="PASS">
          <reporter-output>
          </reporter-output>
        </test-method> <!-- FrameTest -->
        <test-method is-config="true" signature="teardown()[pri:0, instance:Selenium.VeriousFunctionsGlobalSQA@1aafa419]" started-at="2025-01-06T18:26:55 IST" name="teardown" finished-at="2025-01-06T18:26:55 IST" duration-ms="0" status="PASS">
          <reporter-output>
          </reporter-output>
        </test-method> <!-- teardown -->
      </class> <!-- Selenium.VeriousFunctionsGlobalSQA -->
    </test> <!-- Default test -->
  </suite> <!-- Default suite -->
</testng-results>
